Using pre-set license
Built from '2021.2/staging' branch; Version is '2021.2.1f1 (c20c6d589440) revision 12717165'; Using compiler version '192829333'; Build Type 'Release'
OS: 'Windows 10 Pro; OS build 19042.1348; Version 2009; 64bit' Language: 'en' Physical Memory: 8044 MB
BatchMode: 1, IsHumanControllingUs: 0, StartBugReporterOnCrash: 0, Is64bit: 1, IsPro: 0

COMMAND LINE ARGUMENTS:
C:\Program Files\Unity\Hub\Editor\2021.2.1f1\Editor\Unity.exe
-adb2
-batchMode
-noUpm
-name
AssetImportWorker0
-projectPath
C:/Users/Kyle/Documents/Unity/git/VirtualGallery
-logFile
Logs/AssetImportWorker0.log
-srvPort
49574
Successfully changed project path to: C:/Users/Kyle/Documents/Unity/git/VirtualGallery
C:/Users/Kyle/Documents/Unity/git/VirtualGallery
[UnityMemory] Configuration Parameters - Can be set up in boot.config
    "memorysetup-bucket-allocator-granularity=16"
    "memorysetup-bucket-allocator-bucket-count=8"
    "memorysetup-bucket-allocator-block-size=33554432"
    "memorysetup-bucket-allocator-block-count=8"
    "memorysetup-main-allocator-block-size=16777216"
    "memorysetup-thread-allocator-block-size=16777216"
    "memorysetup-gfx-main-allocator-block-size=16777216"
    "memorysetup-gfx-thread-allocator-block-size=16777216"
    "memorysetup-cache-allocator-block-size=4194304"
    "memorysetup-typetree-allocator-block-size=2097152"
    "memorysetup-profiler-bucket-allocator-granularity=16"
    "memorysetup-profiler-bucket-allocator-bucket-count=8"
    "memorysetup-profiler-bucket-allocator-block-size=33554432"
    "memorysetup-profiler-bucket-allocator-block-count=8"
    "memorysetup-profiler-allocator-block-size=16777216"
    "memorysetup-profiler-editor-allocator-block-size=1048576"
    "memorysetup-temp-allocator-size-main=16777216"
    "memorysetup-job-temp-allocator-block-size=2097152"
    "memorysetup-job-temp-allocator-block-size-background=1048576"
    "memorysetup-job-temp-allocator-reduction-small-platforms=262144"
    "memorysetup-temp-allocator-size-background-worker=32768"
    "memorysetup-temp-allocator-size-job-worker=262144"
    "memorysetup-temp-allocator-size-preload-manager=33554432"
    "memorysetup-temp-allocator-size-nav-mesh-worker=65536"
    "memorysetup-temp-allocator-size-audio-worker=65536"
    "memorysetup-temp-allocator-size-cloud-worker=32768"
    "memorysetup-temp-allocator-size-gi-baking-worker=262144"
    "memorysetup-temp-allocator-size-gfx=262144"
Refreshing native plugins compatible for Editor in 113.64 ms, found 2 plugins.
Preloading 0 native plugins for Editor in 0.00 ms.
Initialize engine version: 2021.2.1f1 (c20c6d589440)
[Subsystems] Discovering subsystems at path C:/Program Files/Unity/Hub/Editor/2021.2.1f1/Editor/Data/Resources/UnitySubsystems
[Subsystems] Discovering subsystems at path C:/Users/Kyle/Documents/Unity/git/VirtualGallery/Assets
GfxDevice: creating device client; threaded=0; jobified=0
Direct3D:
    Version:  Direct3D 11.0 [level 11.1]
    Renderer: Intel(R) HD Graphics 620 (ID=0x5916)
    Vendor:   Intel
    VRAM:     4022 MB
    Driver:   27.20.100.8682
Initialize mono
Mono path[0] = 'C:/Program Files/Unity/Hub/Editor/2021.2.1f1/Editor/Data/Managed'
Mono path[1] = 'C:/Program Files/Unity/Hub/Editor/2021.2.1f1/Editor/Data/MonoBleedingEdge/lib/mono/unityjit-win32'
Mono config path = 'C:/Program Files/Unity/Hub/Editor/2021.2.1f1/Editor/Data/MonoBleedingEdge/etc'
Using monoOptions --debugger-agent=transport=dt_socket,embedding=1,server=y,suspend=n,address=127.0.0.1:56696
Begin MonoManager ReloadAssembly
Registering precompiled unity dll's ...
Register platform support module: C:/Program Files/Unity/Hub/Editor/2021.2.1f1/Editor/Data/PlaybackEngines/WindowsStandaloneSupport/UnityEditor.WindowsStandalone.Extensions.dll
Registered in 0.017878 seconds.
Native extension for WindowsStandalone target not found
Refreshing native plugins compatible for Editor in 65.60 ms, found 2 plugins.
Preloading 0 native plugins for Editor in 0.00 ms.
Mono: successfully reloaded assembly
- Completed reload, in  4.206 seconds
Domain Reload Profiling:
	ReloadAssembly (4207ms)
		BeginReloadAssembly (159ms)
			ExecutionOrderSort (0ms)
			DisableScriptedObjects (0ms)
			BackupInstance (0ms)
			ReleaseScriptingObjects (0ms)
			CreateAndSetChildDomain (1ms)
		EndReloadAssembly (684ms)
			LoadAssemblies (153ms)
			RebuildTransferFunctionScriptingTraits (0ms)
			SetupTypeCache (184ms)
			ReleaseScriptCaches (0ms)
			RebuildScriptCaches (43ms)
			SetupLoadedEditorAssemblies (366ms)
				LogAssemblyErrors (0ms)
				InitializePlatformSupportModulesInManaged (13ms)
				SetLoadedEditorAssemblies (0ms)
				RefreshPlugins (66ms)
				BeforeProcessingInitializeOnLoad (2ms)
				ProcessInitializeOnLoadAttributes (207ms)
				ProcessInitializeOnLoadMethodAttributes (79ms)
				AfterProcessingInitializeOnLoad (0ms)
				EditorAssembliesLoaded (0ms)
			ExecutionOrderSort2 (0ms)
			AwakeInstancesAfterBackupRestoration (0ms)
Platform modules already initialized, skipping
Registering precompiled user dll's ...
Registered in 0.044642 seconds.
Begin MonoManager ReloadAssembly
Native extension for WindowsStandalone target not found
Refreshing native plugins compatible for Editor in 0.65 ms, found 2 plugins.
Preloading 0 native plugins for Editor in 0.00 ms.
Package Manager log level set to [2]
Mono: successfully reloaded assembly
- Completed reload, in  1.877 seconds
Domain Reload Profiling:
	ReloadAssembly (1878ms)
		BeginReloadAssembly (299ms)
			ExecutionOrderSort (0ms)
			DisableScriptedObjects (8ms)
			BackupInstance (0ms)
			ReleaseScriptingObjects (0ms)
			CreateAndSetChildDomain (27ms)
		EndReloadAssembly (1416ms)
			LoadAssemblies (165ms)
			RebuildTransferFunctionScriptingTraits (0ms)
			SetupTypeCache (283ms)
			ReleaseScriptCaches (1ms)
			RebuildScriptCaches (65ms)
			SetupLoadedEditorAssemblies (775ms)
				LogAssemblyErrors (0ms)
				InitializePlatformSupportModulesInManaged (26ms)
				SetLoadedEditorAssemblies (1ms)
				RefreshPlugins (1ms)
				BeforeProcessingInitializeOnLoad (113ms)
				ProcessInitializeOnLoadAttributes (438ms)
				ProcessInitializeOnLoadMethodAttributes (174ms)
				AfterProcessingInitializeOnLoad (22ms)
				EditorAssembliesLoaded (0ms)
			ExecutionOrderSort2 (0ms)
			AwakeInstancesAfterBackupRestoration (14ms)
Platform modules already initialized, skipping
========================================================================
Worker process is ready to serve import requests
Launched and connected shader compiler UnityShaderCompiler.exe after 0.17 seconds
Refreshing native plugins compatible for Editor in 0.63 ms, found 2 plugins.
Preloading 0 native plugins for Editor in 0.00 ms.
Unloading 2140 Unused Serialized files (Serialized files now loaded: 0)
Unloading 58 unused Assets / (56.4 KB). Loaded Objects now: 2575.
Memory consumption went from 87.3 MB to 87.2 MB.
Total: 7.338500 ms (FindLiveObjects: 0.231100 ms CreateObjectMapping: 0.139500 ms MarkObjects: 6.870400 ms  DeleteObjects: 0.095900 ms)

AssetImportParameters requested are different than current active one (requested -> active):
  custom:video-decoder-ogg-theora: a1e56fd34408186e4bbccfd4996cb3dc -> 
  custom:container-muxer-webm: aa71ff27fc2769a1b78a27578f13a17b -> 
  custom:container-demuxer-webm: 4f35f7cbe854078d1ac9338744f61a02 -> 
  custom:video-encoder-webm-vp8: eb34c28f22e8b96e1ab97ce403110664 -> 
  custom:video-codec-MediaFoundation-h265: 746d11721c4dcdbdad8f713fa42b33f4 -> 
  custom:audio-encoder-webm-vorbis: bf7c407c2cedff20999df2af8eb42d56 -> 
  custom:framework-win-MediaFoundation: 216162199b28c13a410421893ffa2e32 -> 
  custom:container-demuxer-ogg: 62fdf1f143b41e24485cea50d1cbac27 -> 
  custom:video-decoder-webm-vp8: 9c59270c3fd7afecdb556c50c9e8de78 -> 
  custom:audio-decoder-ogg-vorbis: bf7c407c2cedff20999df2af8eb42d56 -> 
========================================================================
Received Import Request.
  Time since last request: 1893732.818357 seconds.
  path: Assets/Materials/255152779_468096327969098_3472181879900780019_n.jpg
  artifactKey: Guid(578c9e4f177bbe440b93fe35a7a554c3) Importer(815301076,1909f56bfc062723c751e8b465ee728b)
Start importing Assets/Materials/255152779_468096327969098_3472181879900780019_n.jpg using Guid(578c9e4f177bbe440b93fe35a7a554c3) Importer(815301076,1909f56bfc062723c751e8b465ee728b)  -> (artifact id: 'dd5d4fc1d432b4b9557d6ece8cab6d19') in 0.304948 seconds 
========================================================================
Received Import Request.
  Time since last request: 0.000040 seconds.
  path: Assets/Resources
  artifactKey: Guid(f666b7229dbe38340ad28833f1f4f18f) Importer(815301076,1909f56bfc062723c751e8b465ee728b)
Start importing Assets/Resources using Guid(f666b7229dbe38340ad28833f1f4f18f) Importer(815301076,1909f56bfc062723c751e8b465ee728b)  -> (artifact id: 'cbb408814a637049d18dbd8e4bdded9e') in 0.035157 seconds 
========================================================================
Received Import Request.
  Time since last request: 0.000036 seconds.
  path: Assets/Materials/254951013_949118002705041_6472770496201625142_n.jpg
  artifactKey: Guid(b9af3a45e1b754f4e84a2bc36aeb991e) Importer(815301076,1909f56bfc062723c751e8b465ee728b)
Start importing Assets/Materials/254951013_949118002705041_6472770496201625142_n.jpg using Guid(b9af3a45e1b754f4e84a2bc36aeb991e) Importer(815301076,1909f56bfc062723c751e8b465ee728b)  -> (artifact id: '95f5f4dfc585e644f52faa3fa3a42984') in 0.047895 seconds 
========================================================================
Received Import Request.
  Time since last request: 0.000024 seconds.
  path: Assets/Materials/255069299_1291910737916944_3737342307829218775_n.jpg
  artifactKey: Guid(054e4b0d6d4c32f48992b91ad33aeb9c) Importer(815301076,1909f56bfc062723c751e8b465ee728b)
Start importing Assets/Materials/255069299_1291910737916944_3737342307829218775_n.jpg using Guid(054e4b0d6d4c32f48992b91ad33aeb9c) Importer(815301076,1909f56bfc062723c751e8b465ee728b)  -> (artifact id: '8fb16e4b66308da12b54d22d34afffbf') in 0.060484 seconds 
========================================================================
Received Import Request.
  Time since last request: 0.000030 seconds.
  path: Assets/Materials
  artifactKey: Guid(7f0df7a3ca631bb4b86df5a9abd575fd) Importer(815301076,1909f56bfc062723c751e8b465ee728b)
Start importing Assets/Materials using Guid(7f0df7a3ca631bb4b86df5a9abd575fd) Importer(815301076,1909f56bfc062723c751e8b465ee728b)  -> (artifact id: '2d60ab2edbffba5a0d671755d7c6b28d') in 0.035687 seconds 
========================================================================
Received Import Request.
  Time since last request: 0.000026 seconds.
  path: Assets/Materials/Wood.mat
  artifactKey: Guid(0731e7e182bcc224bba8f3061c0bad73) Importer(815301076,1909f56bfc062723c751e8b465ee728b)
Start importing Assets/Materials/Wood.mat using Guid(0731e7e182bcc224bba8f3061c0bad73) Importer(815301076,1909f56bfc062723c751e8b465ee728b)  -> (artifact id: '5ec0d1fdc90517a483595c1bb2038af6') in 0.181789 seconds 
========================================================================
Received Import Request.
  Time since last request: 17.297902 seconds.
  path: Assets/Materials/Canvas.prefab
  artifactKey: Guid(c8fde97ffe9f97945b24dd2c52b22595) Importer(815301076,1909f56bfc062723c751e8b465ee728b)
Start importing Assets/Materials/Canvas.prefab using Guid(c8fde97ffe9f97945b24dd2c52b22595) Importer(815301076,1909f56bfc062723c751e8b465ee728b)  -> (artifact id: '1008456b65de6cbd3e8dfd1a67c075da') in 0.197472 seconds 
========================================================================
Received Import Request.
  Time since last request: 0.000033 seconds.
  path: Assets/Materials/Cube (2).prefab
  artifactKey: Guid(875d71000a2ca9d4c9787570586fea77) Importer(815301076,1909f56bfc062723c751e8b465ee728b)
Start importing Assets/Materials/Cube (2).prefab using Guid(875d71000a2ca9d4c9787570586fea77) Importer(815301076,1909f56bfc062723c751e8b465ee728b)  -> (artifact id: '47f5a6847430734b067b190d7a1168a2') in 0.087904 seconds 
========================================================================
Received Import Request.
  Time since last request: 0.000058 seconds.
  path: Assets/Materials/Cube (3).prefab
  artifactKey: Guid(da5d1549c6bfc854793f12a3367e6ae4) Importer(815301076,1909f56bfc062723c751e8b465ee728b)
Start importing Assets/Materials/Cube (3).prefab using Guid(da5d1549c6bfc854793f12a3367e6ae4) Importer(815301076,1909f56bfc062723c751e8b465ee728b)  -> (artifact id: 'f62772f931d4678a4f23a4a623204e8c') in 0.078688 seconds 
========================================================================
Received Import Request.
  Time since last request: 0.000047 seconds.
  path: Assets/Materials/Cube.prefab
  artifactKey: Guid(5561a0d61f4eaea458227bf756b63f8c) Importer(815301076,1909f56bfc062723c751e8b465ee728b)
Start importing Assets/Materials/Cube.prefab using Guid(5561a0d61f4eaea458227bf756b63f8c) Importer(815301076,1909f56bfc062723c751e8b465ee728b)  -> (artifact id: '75b74e8dc56f4444029cb9efe10455eb') in 0.071584 seconds 
========================================================================
Received Import Request.
  Time since last request: 0.000036 seconds.
  path: Assets/Materials/Cube (1).prefab
  artifactKey: Guid(6bb5f504c0391f147af5802bc654eb1e) Importer(815301076,1909f56bfc062723c751e8b465ee728b)
Start importing Assets/Materials/Cube (1).prefab using Guid(6bb5f504c0391f147af5802bc654eb1e) Importer(815301076,1909f56bfc062723c751e8b465ee728b)  -> (artifact id: '4c1f47f1d3895cb0ab3afc18706213e1') in 0.059761 seconds 
========================================================================
Received Import Request.
  Time since last request: 70.776485 seconds.
  path: Assets/Materials/Picture Frame.prefab
  artifactKey: Guid(4a61947cf5e90934fae35d5a638eb327) Importer(815301076,1909f56bfc062723c751e8b465ee728b)
Start importing Assets/Materials/Picture Frame.prefab using Guid(4a61947cf5e90934fae35d5a638eb327) Importer(815301076,1909f56bfc062723c751e8b465ee728b)  -> (artifact id: '0798061212ed2148824d2fc7c2084275') in 0.063682 seconds 
